<?xml version="1.0" encoding="UTF-8"?>
<!-- Generated by org.testng.reporters.JUnitReportReporter -->
<testsuite hostname="LAPTOP-93FG9TVP" failures="0" tests="1" name="com.inetBanking.TestCases.Tc_loginTest_DD_001" time="0.000" errors="0" timestamp="22 Jan 2024 18:50:04 GMT" skipped="1">
  <testcase classname="com.inetBanking.TestCases.Tc_loginTest_DD_001" name="loginDD" time="0.000">
    <skipped/>
  </testcase> <!-- loginDD -->
</testsuite> <!-- com.inetBanking.TestCases.Tc_loginTest_DD_001 -->
