<?xml version="1.0" encoding="UTF-8"?>
<!-- Generated by org.testng.reporters.JUnitReportReporter -->
<testsuite hostname="LAPTOP-93FG9TVP" failures="0" tests="1" name="com.inetBanking.TestCases.TC_AddCutomerTest_002" time="13.543" errors="0" timestamp="23 Jan 2024 06:22:38 GMT" skipped="0">
  <testcase classname="com.inetBanking.TestCases.TC_AddCutomerTest_002" name="addNewCutsomer" time="13.543"/>
</testsuite> <!-- com.inetBanking.TestCases.TC_AddCutomerTest_002 -->
