<?xml version="1.0" encoding="UTF-8"?>
<!-- Generated by org.testng.reporters.JUnitReportReporter -->
<testsuite hostname="LAPTOP-93FG9TVP" failures="0" tests="1" name="com.inetBanking.TestCases.TC_LoginTest_001" time="1.661" errors="0" timestamp="23 Jan 2024 06:22:38 GMT" skipped="0">
  <testcase classname="com.inetBanking.TestCases.TC_LoginTest_001" name="loginTest" time="1.661"/>
</testsuite> <!-- com.inetBanking.TestCases.TC_LoginTest_001 -->
